@"menu069.htm,アークホテル,四条大宮,shijo_omiya.gif",
@"menu129.htm,愛染倉（染織文華館）,上賀茂神社前,nothing",
@"menu438.htm,青山音楽記念館,松尾大利町,nothing",
@"menu003.htm,朝日会館,河原町三条,kawaramachi_sanjo.gif",
@"menu532.htm,アバンティ,京都駅八条口アバンティ前,avanti.gif",
@"menu112.htm,粟田神社,神宮道,nothing",
@"menu467.htm,安楽院,上宮ノ前町,nothing",
@"menu207.htm,安楽寿院,竹田浄菩堤院町,nothing",
@"menu439.htm,池大雅美術館,苔寺道,nothing",
@"menu055.htm,池坊短期大学,四条烏丸,shijo_karasuma.gif",
@"menu054.htm,いけばな資料館,烏丸三条,nothing",
@"menu120.htm,今熊野観音寺,泉涌寺道,nothing",
@"menu554.htm,今宮神社,今宮神社前,nothing",
@"menu011.htm,井村美術館,糺ノ森,nothing",
@"menu422.htm,岩田山自然遊園地,嵐山公園,nothing",
@"menu863.htm,右京区役所,太秦天神川駅前,uzumasa.png",
@"menu210.htm,右京消防署,太秦広隆寺前,nothing",
@"menu204.htm,右京税務署,西大路三条,nothing",
@"menu911.htm,右京ふれあい文化会館,右京ふれあい文化会館前,nothing",
@"menu863.htm,右京保健所,太秦天神川駅前,uzumasa.png",
@"menu195.htm,宇多野ユースホステル,ユースホステル前,nothing",
@"menu368.htm,梅小路蒸気機関車館,梅小路公園前,nothing",
@"menu416.htm,梅宮大社,梅宮大社前,nothing",
@"menu120.htm,雲龍院,泉涌寺道,nothing",
@"menu717.htm,東映太秦映画村（PADIOS）,太秦映画村道,nothing",
@"menu108.htm,永観堂,南禅寺・永観堂道,nothing",
@"menu009.htm,叡電・出町柳駅（叡山本線）,出町柳駅前,nothing",
@"menu128.htm,恵比須神社,四条京阪前,shijo_keihan.gif",
@"menu099.htm,圓光寺,一乗寺下り松町,nothing",
@"menu090.htm,円通寺,深泥池,nothing",
@"menu424.htm,大河内山荘,野々宮,nothing",
@"menu428.htm,大沢池,大覚寺,nothing",
@"menu129.htm,大田神社,上賀茂神社前,nothing",
@"menu707.htm,大谷大学,北大路バスターミナル,kitaoji_bt.gif",
@"menu672.htm,大原野神社,南春日町,nothing",
@"menu006.htm,大宮御所,府立医大病院前,nothing",
@"menu111.htm,岡崎公園,京都会館美術館前,nothing",
@"menu463.htm,岡崎神社,岡崎神社前,nothing",
@"menu163.htm,御室八十八ヶ所,御室仁和寺,nothing",
@"menu426.htm,厭離庵,嵯峨釈迦堂前,nothing",
@"menu208.htm,蚕の社（木島神社）,蚕ノ社,nothing",
@"menu203.htm,華頂短期大学,知恩院前,nothing",
@"menu851.htm,桂坂野鳥園,桂坂小学校前,nothing",
@"menu375.htm,桂離宮,桂離宮前,nothing",
@"menu129.htm,上賀茂神社,上賀茂神社前,nothing",
@"menu628.htm,上京区役所,今出川新町,nothing",
@"menu201.htm,上京消防署,府庁前,nothing",
@"menu049.htm,上京税務署,烏丸一条,nothing",
@"menu178.htm,上京保健センター,堀川上立売,nothing",
@"menu157.htm,上七軒歌舞練場,北野天満宮前,nothing",
@"menu055.htm,からすま京都ホテル,四条烏丸,shijo_karasuma.gif",
@"menu123.htm,河井寛次郎記念館,馬町,nothing",
@"menu180.htm,川島織物,一条戻橋・晴明神社前,nothing",
@"menu048.htm,官休庵,烏丸今出川,nothing",
@"menu453.htm,関西日仏学館,京大正門前,nothing",
@"menu581.htm,菅大臣天満宮,西洞院仏光寺,nothing",
@"menu299.htm,観智院,東寺東門前,nothing",
@"menu426.htm,祗王寺,嵯峨釈迦堂前,nothing",
@"menu127.htm,祇園会館,祇園,gion.gif",
@"menu126.htm,祇園甲部歌舞練場,東山安井,nothing",
@"menu127.htm,ギオンコーナー,祇園,gion.gif",
@"menu707.htm,キタオオジタウン,北大路バスターミナル,kitaoji_bt.gif",
@"menu018.htm,北区役所,北大路新町,nothing",
@"menu022.htm,北消防署,下緑町,nothing",
@"menu157.htm,北野天満宮,北野天満宮前,nothing",
@"menu018.htm,北保健センター,北大路新町,nothing",
@"menu008.htm,北村美術館,河原町今出川,kawaramachi_imadegawa.gif",
@"menu523.htm,吉祥院天満宮,吉祥院天満宮前,nothing",
@"menu005.htm,行願寺（革堂）,河原町丸太町,nothing",
@"menu143.htm,京セラ,パルスプラザ前,nothing",
@"menu454.htm,京大会館,近衛通,nothing",
@"menu251.htm,京都市生涯学習センター（京都アスニー）,丸太町七本松,nothing",
@"menu217.htm,京都嵐山会館,嵐山,nothing",
@"menu801.htm,京都エミナース,洛西バスターミナル,nothing",
@"menu053.htm,京都ガーデンホテル,烏丸御池,nothing",
@"menu304.htm,京都会館,京都会館美術館・平安神宮前,nothing",
@"menu062.htm,京都外国語大学,京都外大前,nothing",
@"menu010.htm,京都家庭裁判所,新葵橋,nothing",
@"menu242.htm,京都簡易保険事務センター,左京区総合庁舎前,nothing",
@"menu905.htm,京都観世会館,東山仁王門,nothing",
@"menu127.htm,京都祗園ホテル,祇園,gion.gif",
@"menu305.htm,京都きもの会館,五条西洞院,nothing",
@"menu271.htm,京都教育大学,教育大学前,nothing",
@"menu392.htm,京都教育文化センター,丸太町京阪前,nothing",
@"menu051.htm,京都御苑,烏丸丸太町,nothing",
@"menu663.htm,京都経済短期大学,国道中山,nothing",
@"menu707.htm,京都警察病院,北大路バスターミナル,kitaoji_bt.gif",
@"menu101.htm,京都芸術短期大学,上終町京都造形芸大前,nothing",
@"menu324.htm,京都競馬場,淀,nothing",
@"menu127.htm,京都現代美術館（何必館）,祇園,gion.gif",
@"menu429.htm,京都光華女子大学,光華女子学園前,nothing",
@"menu243.htm,京都工芸繊維大学,修学院駅前,nothing",
@"menu185.htm,京都国際ホテル,二条城前,nothing",
@"menu111.htm,京都国立近代美術館,京都会館美術館前,nothing",
@"menu910.htm,京都国立博物館,博物館三十三間堂前,nothing",
@"menu154.htm,京都こども文化会館,千本中立売,nothing",
@"menu087.htm,京都コンサートホール,北山駅前,nothing",
@"menu215.htm,京都嵯峨芸術大学,車折神社前,nothing",
@"menu055.htm,京都産業会館,四条烏丸,shijo_karasuma.gif",
@"menu475.htm,京都産業大学,京都産大前,nothing",
@"menu532.htm,京都市アバンティーホール,京都駅八条口アバンティ前,avanti.gif",
@"menu550.htm,京都市大宮交通公園,大宮交通公園前,nothing",
@"menu056.htm,京都私学会館,烏丸松原,nothing",
@"menu304.htm,京都市勧業館（みやこめっせ）,京都会館美術館・平安神宮前,nothing",
@"menu061.htm,京都市観光案内所,京都駅前,kyoto_sta.gif",
@"menu627.htm,京都市考古博物館,今出川大宮,nothing",
@"menu863.htm,京都市交通局,太秦天神川駅前,uzumasa.png",
@"menu403.htm,京都市聴覚言語障害センター,西大路御池,nothing",
@"menu115.htm,京都市上下水道局,京都駅八条口,avanti.gif",
@"menu004.htm,京都市消防局,京都市役所前,kyoto_siyakusyo.gif",
@"menu398.htm,京都市青少年科学センター,青少年科学センター前,nothing",
@"menu430.htm,京都市体育館,西京極運動公園前,nothing",
@"menu251.htm,京都市中央図書館,丸太町七本松,nothing",
@"menu110.htm,京都市動物園,動物園前,nothing",
@"menu430.htm,京都市西京極総合運動公園,西京極運動公園前,nothing",
@"menu111.htm,京都市美術館,京都会館美術館前,nothing",
@"menu124.htm,京都市美術工芸ギャラリー,五条坂,nothing",
@"menu455.htm,京都市武道センター,熊野神社前,nothing",
@"menu184.htm,京都社会福祉会館,堀川丸太町,nothing",
@"menu004.htm,京都市役所,京都市役所前,kyoto_siyakusyo.gif",
@"menu051.htm,京都商工会議所,烏丸丸太町,nothing",
@"menu829.htm,京都消防学校,吉祥院嶋高町,nothing",
@"menu751.htm,京都市横大路運動公園,南横大路,nothing",
@"menu751.htm,京都市横大路体育館,南横大路,nothing",
@"menu122.htm,京都女子大学,東山七条,nothing",
@"menu809.htm,京都市洛西竹林公園,南福西町,nothing",
@"menu240.htm,京都市立看護短期大学,西大路松原,nothing",
@"menu343.htm,京都市立芸術大学,国道沓掛口,nothing",
@"menu144.htm,京都市立病院,市立病院前,nothing",
@"menu005.htm,京都市歴史資料館,河原町丸太町,nothing",
@"menu061.htm,京都新阪急ホテル,京都駅前,kyoto_sta.gif",
@"menu052.htm,京都新聞社,烏丸二条,nothing",
@"menu300.htm,京都水族館,七条大宮・京都水族館前,nothing",
@"menu051.htm,京都青年会議所,烏丸丸太町,nothing",
@"menu061.htm,京都センチュリーホテル,京都駅前,kyoto_sta.gif",
@"menu073.htm,京都セントラルイン,四条河原町,shijo_kawaramachi.gif",
@"menu185.htm,京都全日空ホテル,二条城前,nothing",
@"menu101.htm,京都造形芸術大学,上終町京都造形芸大前,nothing",
@"menu119.htm,京都第一赤十字病院,東福寺,nothing",
@"menu117.htm,京都第一ホテル,九条車庫前,nothing",
@"menu454.htm,京都大学（医・薬・総合人間学部）,近衛通,nothing",
@"menu392.htm,京都大学医療技術短期大学,丸太町京阪前,nothing",
@"menu455.htm,京都大学医学部附属病院,熊野神社前,nothing",
@"menu453.htm,京都大学（文・教・法・経・工学部）,京大正門前,nothing",
@"menu726.htm,京都大学（理・農学部）,京大農学部前,nothing",
@"menu061.htm,京都第三タワーホテル,京都駅前,kyoto_sta.gif",
@"menu201.htm,京都第二赤十字病院,府庁前,nothing",
@"menu061.htm,京都第二タワーホテル,京都駅前,kyoto_sta.gif",
@"menu061.htm,京都タワー,京都駅前,kyoto_sta.gif",
@"menu061.htm,京都タワーホテル,京都駅前,kyoto_sta.gif",
@"menu202.htm,京都地方簡易裁判所,裁判所前,nothing",
@"menu404.htm,京都地方気象台,太子道,nothing",
@"menu202.htm,京都地方裁判所,裁判所前,nothing",
@"menu902.htm,京都地方法務局,荒神口,nothing",
@"menu061.htm,京都中央郵便局,京都駅前,kyoto_sta.gif",
@"menu392.htm,京都ドイツ文化センター,丸太町京阪前,nothing",
@"menu190.htm,京都東急ホテル,堀川五条,nothing",
@"menu124.htm,京都陶磁器会館,五条坂,nothing",
@"menu831.htm,京都パレスサイドホテル,烏丸下立売,nothing",
@"menu455.htm,京都ハンディクラフトセンター,熊野神社前,nothing",
@"menu150.htm,京都府医師会館,二条駅前,nijo_sta.gif",
@"menu254.htm,京都府京都文化博物館,堺町御池,nothing",
@"menu201.htm,京都府警察本部,府庁前,nothing",
@"menu150.htm,京都府歯科医師会口腔保健センター,二条駅前,nijo_sta.gif",
@"menu180.htm,京都府市町村職員共済会館,一条戻橋・晴明神社前,nothing",
@"menu016.htm,京都府立植物園,植物園前,nothing",
@"menu289.htm,京都府青年会館,地蔵前,nothing",
@"menu239.htm,京都府中小企業会館,西大路五条,nothing",
@"menu201.htm,京都府庁,府庁前,nothing",
@"menu016.htm,京都府婦人センター,植物園前,nothing",
@"menu049.htm,京都ブライトンホテル,烏丸一条,nothing",
@"menu006.htm,京都府立医科大学,府立医大病院前,nothing",
@"menu006.htm,京都府立医大病院,府立医大病院前,nothing",
@"menu617.htm,京都府立京都高等技術専門学校,竹田久保町,nothing",
@"menu051.htm,京都府立総合社会福祉会館ハートピア京都,烏丸丸太町,nothing",
@"menu087.htm,京都府立総合資料館,北山駅前,nothing",
@"menu199.htm,京都府立体育館,大将軍,nothing",
@"menu015.htm,京都府立大学,府立大学前,nothing",
@"menu124.htm,京都府立陶工職業訓練校,五条坂,nothing",
@"menu218.htm,京都府立堂本印象美術館,立命館大学前,nothing",
@"menu111.htm,京都府立図書館,京都会館美術館前,nothing",
@"menu883.htm,京都府立伏見港公園,京阪中書島・伏見港公園,nothing",
@"menu318.htm,京都府立伏見港公園,中書島,nothing",
@"menu238.htm,京都府立婦人職業訓練校,西大路花屋町,nothing",
@"menu049.htm,京都府立府民ホール・アルティ,烏丸一条,nothing",
@"menu006.htm,京都府立文化芸術会館,府立医大病院前,nothing",
@"menu222.htm,京都府立盲学校,千本北大路,nothing",
@"menu163.htm,京都府立聾学校,御室仁和寺,nothing",
@"menu011.htm,京都プリンスホテル,糺ノ森,nothing",
@"menu004.htm,京都ホテルオークラ,京都市役所前,kyoto_siyakusyo.gif",
@"menu099.htm,京都民芸館,一乗寺下り松町,nothing",
@"menu150.htm,京都弥生会館,二条駅前,nijo_sta.gif",
@"menu238.htm,京都友禅文化会館,西大路花屋町,nothing",
@"menu222.htm,京都ライトハウス,千本北大路,nothing",
@"menu459.htm,京都リサーチパーク,京都リサーチパーク前,nothing",
@"menu003.htm,京都ロイヤルホテル,河原町三条,kawaramachi_sanjo.gif",
@"menu053.htm,京都労働基準局,烏丸御池,nothing",
@"menu066.htm,京都労働者総合会館,四条御前通,nothing",
@"menu125.htm,清水寺,清水道,nothing",
@"menu464.htm,銀閣寺（慈照寺）,銀閣寺前,ginkaku.gif",
@"menu221.htm,金閣寺（鹿苑寺）,金閣寺道,nothing",
@"menu617.htm,近畿運輸局京都運輸支局,竹田久保町,nothing",
@"menu902.htm,近畿財務局京都財務事務所,荒神口,nothing",
@"menu182.htm,近畿農政局,堀川下長者町,nothing",
@"menu061.htm,近鉄・京都駅,京都駅前,kyoto_sta.gif",
@"menu188.htm,光勝寺（空也堂）,堀川蛸薬師,nothing",
@"menu396.htm,石像寺（釘抜き地蔵）,千本上立売,nothing",
@"menu049.htm,宮内庁京都事務所,烏丸一条,nothing",
@"menu455.htm,熊野神社,熊野神社前,nothing",
@"menu215.htm,車折神社,車折神社前,nothing",
@"menu462.htm,金戒光明寺（黒谷さん）,岡崎道,nothing",
@"menu262.htm,警察学校,警察学校前,nothing",
@"menu161.htm,桂春院（妙心寺塔頭）,妙心寺北門前,nothing",
@"menu114.htm,京阪・三条駅/京阪三条駅（東西線）　,三条京阪前,sanjo_keihan.gif",
@"menu128.htm,京阪・四条駅,四条京阪前,shijo_keihan.gif",
@"menu009.htm,京阪・出町柳駅,出町柳駅前,nothing",
@"menu050.htm,KBSホール,烏丸下長者町,nothing",
@"menu158.htm,京福・北野白梅町駅（京福北野線）,北野白梅町,kitano_hakubaicho.gif",
@"menu069.htm,京福・四条大宮駅,四条大宮,shijo_omiya.gif",
@"menu317.htm,月桂冠大倉記念館,京橋,nothing",
@"menu224.htm,建勲神社,建勲神社前,nothing",
@"menu030.htm,源光庵,鷹峯源光庵前,nothing",
@"menu126.htm,建仁寺,東山安井,nothing",
@"menu030.htm,光悦寺,鷹峯源光庵前,nothing",
@"menu174.htm,高山寺,高雄,nothing",
@"menu192.htm,興正寺,七条堀川,nothing",
@"menu126.htm,高台寺,東山安井,nothing",
@"menu119.htm,光明院（東福寺塔頭）,東福寺,nothing",
@"menu039.htm,高麗美術館,加茂川中学前,nothing",
@"menu210.htm,広隆寺,太秦広隆寺前,nothing",
@"menu050.htm,護王神社,烏丸下長者町,nothing",
@"menu851.htm,国際日本文化研究センター,桂坂小学校前,nothing",
@"menu196.htm,国立宇多野病院,宇多野病院前,nothing",
@"menu091.htm,国立京都国際会館,国際会館駅前,nothing",
@"menu600.htm,御香宮神社,御香宮前,nothing",
@"menu189.htm,古代友禅苑,堀川松原,nothing",
@"menu051.htm,こどもみらい館,烏丸丸太町,nothing",
@"menu049.htm,金剛能楽堂,烏丸一条,nothing",
@"menu177.htm,今日庵,堀川寺ノ内,nothing",
@"menu126.htm,金毘羅絵馬館,東山安井,nothing",
@"menu099.htm,金福寺,一乗寺下り松町,nothing",
@"menu439.htm,西芳寺,苔寺道,nothing",
@"menu174.htm,西明寺,高雄,nothing",
@"menu426.htm,清涼寺（嵯峨釈迦堂）,嵯峨釈迦堂前,nothing",
@"menu426.htm,さがの人形の家,嵯峨釈迦堂前,nothing",
@"menu242.htm,左京区役所,左京区総合庁舎前,nothing",
@"menu451.htm,左京消防署,田中大久保町,nothing",
@"menu455.htm,左京税務署,熊野神社前,nothing",
@"menu242.htm,左京保健センター,左京区総合庁舎前,nothing",
@"menu177.htm,茶道総合資料館,堀川寺ノ内,nothing",
@"menu910.htm,三十三間堂,博物館三十三間堂前,nothing",
@"menu054.htm,三条烏丸ホテル,烏丸三条,nothing",
@"menu125.htm,三年坂（産寧坂）,清水道,nothing",
@"menu249.htm,JR・円町駅(嵯峨野線),西ノ京円町,nishinokyo_enmachi.gif",
@"menu061.htm,ジェイアール京都伊勢丹,京都駅前,kyoto_sta.gif",
@"menu061.htm,JR・京都駅,京都駅前,kyoto_sta.gif",
@"menu561.htm,JR・長岡京駅,ＪＲ長岡京東口,nothing",
@"menu150.htm,JR・二条駅（嵯峨野線）,二条駅前,nijo_sta.gif",
@"menu610.htm,JR・花園駅（嵯峨野線）,花園駅前,nothing",
@"menu635.htm,陸上自衛隊桂駐屯地,自衛隊前,nothing",
@"menu428.htm,直指庵,大覚寺,nothing",
@"menu124.htm,地主神社,五条坂,nothing",
@"menu099.htm,詩仙堂,一乗寺下り松町,nothing",
@"menu439.htm,地蔵院（竹の寺）,苔寺道,nothing",
@"menu061.htm,七条公共職業安定所,京都駅前,kyoto_sta.gif",
@"menu750.htm,自動車運転免許試験場,免許試験場前,nothing",
@"menu151.htm,児童福祉センター,出世稲荷前,nothing",
@"menu863.htm,市バス・地下鉄乗客案内所,太秦天神川駅前,uzumasa.png",
@"menu062.htm,市バス・梅津営業所,京都外大前,nothing",
@"menu707.htm,市バス・烏丸営業所,北大路バスターミナル,kitaoji_bt.gif",
@"menu105.htm,市バス・錦林出張所,錦林車庫前,nothing",
@"menu117.htm,市バス・九条営業所,九条車庫前,nothing",
@"menu034.htm,市バス・西賀茂営業所,西賀茂車庫前,nothing",
@"menu749.htm,市バス・横大路営業所,横大路車庫前,nothing",
@"menu776.htm,市バス・洛西営業所,小畑川公園北口,nothing",
@"menu075.htm,思文閣美術館,百万遍,nothing",
@"menu204.htm,島津製作所,西大路三条,nothing",
@"menu004.htm,島津創業記念資料館,京都市役所前,kyoto_siyakusyo.gif",
@"menu012.htm,下鴨神社（賀茂御祖神社）,下鴨神社前,nothing",
@"menu082.htm,下京区役所,下京区総合庁舎前,nothing",
@"menu538.htm,下京消防署,五条高倉,nothing",
@"menu538.htm,下京税務署,五条高倉,nothing",
@"menu082.htm,下京保健センター,下京区総合庁舎前,nothing",
@"menu005.htm,下御霊神社,河原町丸太町,nothing",
@"menu152.htm,社会保険センター,千本丸太町,nothing",
@"menu905.htm,寂光寺,東山仁王門,nothing",
@"menu096.htm,修学院離宮,修学院離宮道,nothing",
@"menu151.htm,出世稲荷神社,出世稲荷前,nothing",
@"menu455.htm,聖護院,熊野神社前,nothing",
@"menu029.htm,しょうざん庭園,土天井町,nothing",
@"menu672.htm,勝持寺（花の寺）,南春日町,nothing",
@"menu425.htm,常寂光寺,嵯峨小学校前,nothing",
@"menu031.htm,常照寺,釈迦谷口,nothing",
@"menu534.htm,渉成園（枳穀邸）,七条河原町,nothing",
@"menu048.htm,承天閣美術館,烏丸今出川,nothing",
@"menu035.htm,正伝寺,神光院前,nothing",
@"menu464.htm,浄土院（大文字寺）,銀閣寺前,ginkaku.gif",
@"menu395.htm,称念寺（猫寺）,乾隆校前,nothing",
@"menu404.htm,消費生活科学センター,太子道,nothing",
@"menu222.htm,上品蓮台寺,千本北大路,nothing",
@"menu112.htm,青蓮院,神宮道,nothing",
@"menu179.htm,白峯神宮,堀川今出川,nothing",
@"menu035.htm,神光院,神光院前,nothing",
@"menu174.htm,神護寺,高雄,nothing",
@"menu106.htm,真如堂,真如堂前,nothing",
@"menu053.htm,新風館,烏丸御池,nothing",
@"menu115.htm,新・都ホテル,京都駅八条口,avanti.gif",
@"menu225.htm,瑞峯院（大徳寺塔頭）,大徳寺前,nothing",
@"menu455.htm,須賀（交通）神社,熊野神社前,nothing",
@"menu439.htm,華厳寺（鈴虫寺）,苔寺道,nothing",
@"menu301.htm,角屋,島原口,nothing",
@"menu003.htm,誓願寺,河原町三条,kawaramachi_sanjo.gif",
@"menu265.htm,聖母女学院短期大学,聖母女学院前,nothing",
@"menu179.htm,晴明神社,堀川今出川,nothing",
@"menu096.htm,赤山禅院,修学院離宮道,nothing",
@"menu261.htm,石峰寺,稲荷大社前,nothing",
@"menu127.htm,雙林寺,祇園,gion.gif",
@"menu004.htm,ゼスト御池,京都市役所前,kyoto_siyakusyo.gif",
@"menu119.htm,芬陀院（雪舟寺）,東福寺,nothing",
@"menu006.htm,仙洞御所,府立医大病院前,nothing",
@"menu120.htm,泉涌寺,泉涌寺道,nothing",
@"menu395.htm,千本えんま堂（引接寺）,乾隆校前,nothing",
@"menu156.htm,千本釈迦堂（大報恩寺）,上七軒,nothing",
@"menu107.htm,泉屋博古館,東天王町,nothing",
@"menu120.htm,即成院（泉涌寺塔頭）,泉涌寺道,nothing",
@"menu119.htm,退耕庵,東福寺,nothing",
@"menu609.htm,大心院（妙心寺塔頭）,妙心寺前,nothing",
@"menu225.htm,大仙院（大徳寺塔頭）,大徳寺前,nothing",
@"menu609.htm,退蔵院（妙心寺塔頭）,妙心寺前,nothing",
@"menu225.htm,大徳寺,大徳寺前,nothing",
@"menu175.htm,大日本スクリーン製造,堀川鞍馬口,nothing",
@"menu072.htm,大丸京都店,四条高倉,nothing",
@"menu073.htm,高島屋京都店,四条河原町,shijo_kawaramachi.gif",
@"menu095.htm,宝ヶ池こどもの楽園,宝ヶ池,nothing",
@"menu426.htm,滝口寺,嵯峨釈迦堂前,nothing",
@"menu099.htm,狸谷不動院,一乗寺下り松町,nothing",
@"menu426.htm,壇林寺,嵯峨釈迦堂前,nothing",
@"menu400.htm,智恵光院,智恵光院中立売,nothing",
@"menu203.htm,知恩院,知恩院前,nothing",
@"menu075.htm,知恩寺,百万遍,nothing",
@"menu707.htm,地下鉄・北大路駅,北大路バスターミナル,kitaoji_bt.gif",
@"menu091.htm,地下鉄・国際会館駅,国際会館駅前,nothing",
@"menu055.htm,地下鉄・四条駅,四条烏丸,shijo_karasuma.gif",
@"menu147.htm,地下鉄・竹田駅,竹田駅東口,nothing",
@"menu146.htm,地下鉄・竹田駅,竹田駅西口,nothing",
@"menu150.htm,地下鉄・二条駅,二条駅前,nijo_sta.gif",
@"menu113.htm,地下鉄・東山駅,東山三条,nothing",
@"menu051.htm,地下鉄・丸太町駅,烏丸丸太町,nothing",
@"menu122.htm,智積院,東山七条,nothing",
@"menu369.htm,中央卸売市場,七条千本,nothing",
@"menu318.htm,長建寺,中書島,nothing",
@"menu496.htm,長講堂,河原町五条,nothing",
@"menu414.htm,長福寺,長福寺道,nothing",
@"menu905.htm,頂妙寺,東山仁王門,nothing",
@"menu127.htm,長楽寺,祇園,gion.gif",
@"menu158.htm,椿寺（地蔵院）,北野白梅町,kitano_hakubaicho.gif",
@"menu317.htm,寺田屋,京橋,nothing",
@"menu108.htm,天授庵（南禅寺塔頭）,南禅寺・永観堂道,nothing",
@"menu003.htm,天性寺,河原町三条,kawaramachi_sanjo.gif",
@"menu111.htm,伝統産業ふれあい館,京都会館美術館前,nothing",
@"menu423.htm,天龍寺,嵐山天龍寺前,nothing",
@"menu054.htm,東京第一ホテル京都,烏丸三条,nothing",
@"menu299.htm,東寺（教王護国寺）,東寺東門前,nothing",
@"menu629.htm,同志社女子大学,同志社前,nothing",
@"menu048.htm,同志社大学,烏丸今出川,nothing",
@"menu119.htm,同聚院（東福寺塔頭）,東福寺,nothing",
@"menu609.htm,東林院（沙羅双樹の寺）,妙心寺前,nothing",
@"menu069.htm,東横イン京都四条大宮,四条大宮,shijo_omiya.gif",
@"menu217.htm,渡月橋,嵐山,nothing",
@"menu186.htm,中京区役所,堀川御池,nothing",
@"menu186.htm,中京消防署,堀川御池,nothing",
@"menu186.htm,中京税務署,堀川御池,nothing",
@"menu186.htm,中京保健センター,堀川御池,nothing",
@"menu006.htm,梨木神社,府立医大病院前,nothing",
@"menu661.htm,双岡病院,竹田出橋,nothing",
@"menu108.htm,南禅院（南禅寺塔頭）,南禅寺・永観堂道,nothing",
@"menu108.htm,南禅寺,南禅寺・永観堂道,nothing",
@"menu124.htm,西大谷本廟,五条坂,nothing",
@"menu055.htm,錦市場,四条烏丸,shijo_karasuma.gif",
@"menu436.htm,西京区役所,千代原口,nothing",
@"menu380.htm,西京消防署,樫原,nothing",
@"menu435.htm,西京保健センター,平和台町,nothing",
@"menu179.htm,西陣織会館,堀川今出川,nothing",
@"menu580.htm,西陣公共職業安定所,大宮中立売,nothing",
@"menu191.htm,西本願寺,西本願寺前,nothing",
@"menu185.htm,二条城,二条城前,nothing",
@"menu252.htm,二条陣屋,神泉苑前,nothing",
@"menu426.htm,二尊院,嵯峨釈迦堂前,nothing",
@"menu412.htm,日新電機,日新電機前,nothing",
@"menu559.htm,ニッセン,吉祥院運動公園前,nothing",
@"menu125.htm,二年坂,清水道,nothing",
@"menu004.htm,日本銀行京都支店,京都市役所前,kyoto_siyakusyo.gif",
@"menu457.htm,日本刺繍館,西京極午塚町,nothing",
@"menu067.htm,日本写真印刷,四条中新道,nothing",
@"menu139.htm,日本新薬,西大路八条,nothing",
@"menu229.htm,日本電産シンポ,久世殿城町,nothing",
@"menu771.htm,日本電池,吉祥院壱ノ段町,nothing",
@"menu196.htm,日本歴史資料館,宇多野病院前,nothing",
@"menu468.htm,若王寺神社,宮ノ前町,nothing",
@"menu163.htm,仁和寺,御室仁和寺,nothing",
@"menu424.htm,野宮神社,野々宮,nothing",
@"menu108.htm,野村美術館,南禅寺・永観堂道,nothing",
@"menu103.htm,白沙村荘　橋本関雪記念館,銀閣寺道,ginkaku.gif",
@"menu607.htm,花園大学,西ノ京馬代町,nothing",
@"menu143.htm,京都府総合見本市会館（パルスプラザ）,パルスプラザ前,nothing",
@"menu421.htm,阪急・嵐山駅（嵐山線）,阪急嵐山駅前,nothing",
@"menu069.htm,阪急・大宮駅,四条大宮,shijo_omiya.gif",
@"menu055.htm,阪急・烏丸駅,四条烏丸,shijo_karasuma.gif",
@"menu073.htm,阪急・河原町駅,四条河原町,shijo_kawaramachi.gif",
@"menu073.htm,阪急百貨店(京都店),四条河原町,shijo_kawaramachi.gif",
@"menu065.htm,阪急・西院駅,西大路四条,nishioji_shijo.gif",
@"menu127.htm,東大谷祖廟,祇園,gion.gif",
@"menu059.htm,東本願寺,烏丸七条,nothing",
@"menu122.htm,東山区役所,東山七条,nothing",
@"menu124.htm,東山消防署,五条坂,nothing",
@"menu123.htm,東山税務署,馬町,nothing",
@"menu124.htm,東山保健センター,五条坂,nothing",
@"menu168.htm,平岡八幡宮,平岡八幡前,nothing",
@"menu247.htm,平野神社,衣笠校前,nothing",
@"menu786.htm,広沢池,広沢池・佛大広沢校前,nothing",
@"menu109.htm,琵琶湖疎水記念館,法勝寺町,nothing",
@"menu191.htm,風俗博物館,西本願寺前,nothing",
@"menu905.htm,藤井斉成会有鄰館,東山仁王門,nothing",
@"menu273.htm,藤森神社,藤森神社前,nothing",
@"menu261.htm,伏見稲荷大社,稲荷大社前,nothing",
@"menu716.htm,伏見区役所,肥後町,nothing",
@"menu594.htm,伏見消防署,深草北蓮池町,nothing",
@"menu316.htm,伏見公共職業安定所,西大手筋,nothing",
@"menu595.htm,伏見税務署,下町,nothing",
@"menu716.htm,伏見保健センター,肥後町,nothing",
@"menu177.htm,不審庵,堀川寺ノ内,nothing",
@"menu026.htm,佛教大学,佛教大学前,nothing",
@"menu056.htm,仏光寺,烏丸松原,nothing",
@"menu223.htm,船岡山公園,船岡山,nothing",
@"menu070.htm,ブリキのおもちゃ博物館,四条堀川,nothing",
@"menu049.htm,平安会館,烏丸一条,nothing",
@"menu111.htm,平安神宮,京都会館美術館前,nothing",
@"menu304.htm,平安神宮,京都会館美術館・平安神宮前,nothing",
@"menu126.htm,法観寺（八坂の塔）,東山安井,nothing",
@"menu426.htm,宝筐院,嵯峨釈迦堂前,nothing",
@"menu177.htm,宝鏡寺（人形の寺）,堀川寺ノ内,nothing",
@"menu910.htm,方広寺,博物館三十三間堂前,nothing",
@"menu910.htm,豊国神社,博物館三十三間堂前,nothing",
@"menu122.htm,豊国廟,東山七条,nothing",
@"menu765.htm,法金剛院,花園扇野町,nothing",
@"menu265.htm,宝塔寺,聖母女学院前,nothing",
@"menu465.htm,法然院,南田町,nothing",
@"menu114.htm,法林寺（壇王さん）,三条京阪前,sanjo_keihan.gif",
@"menu422.htm,法輪寺,嵐山公園,nothing",
@"menu003.htm,ホテルアルファ京都,河原町三条,kawaramachi_sanjo.gif",
@"menu071.htm,ホテルオークス京都四条,四条西洞院,nothing",
@"menu254.htm,ホテルギンモンド,堺町御池,nothing",
@"menu061.htm,ホテルグランヴィア京都,京都駅前,kyoto_sta.gif",
@"menu532.htm,ホテル京阪京都,京都駅八条口アバンティ前,avanti.gif",
@"menu495.htm,ホテルサンルート京都,河原町松原,nothing",
@"menu056.htm,ホテル日航プリンセス京都,烏丸松原,nothing",
@"menu122.htm,ホテルハイアットリージェンシー京都,東山七条,nothing",
@"menu004.htm,ホテルフジタ京都,京都市役所前,kyoto_siyakusyo.gif",
@"menu107.htm,ホテル平安の森京都,東天王町,nothing",
@"menu003.htm,ホテルユニゾ京都,河原町三条,kawaramachi_sanjo.gif",
@"menu496.htm,ホテルリッチ京都,河原町五条,nothing",
@"menu446.htm,ホリデイ・イン京都,高野橋東詰,nothing",
@"menu770.htm,堀場製作所,吉祥院宮ノ西町,nothing",
@"menu061.htm,京都駅前地下街・ポルタ,京都駅前,kyoto_sta.gif",
@"menu003.htm,先斗町歌舞練場,河原町三条,kawaramachi_sanjo.gif",
@"menu255.htm,本能寺,三条春日,nothing",
@"menu176.htm,本法寺,天神公園前,nothing",
@"menu397.htm,本隆寺,今出川浄福寺,nothing",
@"menu050.htm,益富地学会館,烏丸下長者町,nothing",
@"menu418.htm,松尾大社,松尾大社前,nothing",
@"menu837.htm,妙円寺（松ヶ崎大黒天）,松ヶ崎大黒天,nothing",
@"menu127.htm,円山音楽堂,祇園,gion.gif",
@"menu127.htm,円山公園,祇園,gion.gif",
@"menu109.htm,満願寺,法勝寺町,nothing",
@"menu098.htm,曼珠院,一乗寺清水町,nothing",
@"menu071.htm,三井ガーデンホテル京都四条,四条西洞院,nothing",
@"menu411.htm,三菱自動車工業京都製作所,南広町,nothing",
@"menu565.htm,南区総合庁舎,南区総合庁舎前,nothing",
@"menu128.htm,南座,四条京阪前,shijo_keihan.gif",
@"menu308.htm,南消防署,市民防災センター前,nothing",
@"menu068.htm,壬生寺,壬生寺道,nothing",
@"menu176.htm,妙覚寺,天神公園前,nothing",
@"menu177.htm,妙顕寺,堀川寺ノ内,nothing",
@"menu161.htm,妙心寺,妙心寺北門前,nothing",
@"menu456.htm,妙伝寺,東山二条,nothing",
@"menu122.htm,妙法院,東山七条,nothing",
@"menu177.htm,妙蓮寺,堀川寺ノ内,nothing",
@"menu051.htm,宗像神社,烏丸丸太町,nothing",
@"menu127.htm,八坂神社,祇園,gion.gif",
@"menu126.htm,安井金比羅宮,東山安井,nothing",
@"menu910.htm,養源院,博物館三十三間堂前,nothing",
@"menu244.htm,涌泉寺,松ヶ崎海尻町,nothing",
@"menu453.htm,吉田神社,京大正門前,nothing",
@"menu005.htm,頼山陽書斎（山紫水明処）,河原町丸太町,nothing",
@"menu799.htm,洛西総合庁舎,境谷大橋,nothing",
@"menu426.htm,落柿舎,嵯峨釈迦堂前,nothing",
@"menu181.htm,楽美術館,堀川中立売,nothing",
@"menu082.htm,リーガロイヤルホテル京都,下京区総合庁舎前,nothing",
@"menu768.htm,立命館西園寺記念館,立命館西園寺記念館前,nothing",
@"menu218.htm,立命館大学,立命館大学前,nothing",
@"menu218.htm,立命館大学国際平和ミュージアム,立命館大学前,nothing",
@"menu300.htm,龍谷大学(大宮学舎),七条大宮・京都水族館前,nothing",
@"menu263.htm,龍谷大学(深草学舎),龍谷大学前,nothing",
@"menu191.htm,龍谷ミュージアム,西本願寺前,nothing",
@"menu156.htm,立本寺,上七軒,nothing",
@"menu626.htm,竜安寺,竜安寺前,nothing",
@"menu225.htm,龍源院（大徳寺塔頭）,大徳寺前,nothing",
@"menu126.htm,霊山観音,東山安井,nothing",
@"menu126.htm,霊山護国神社,東山安井,nothing",
@"menu126.htm,霊山歴史館,東山安井,nothing",
@"menu061.htm,ルネサンスホール,京都駅前,kyoto_sta.gif",
@"menu182.htm,ルビノ京都堀川,堀川下長者町,nothing",
@"menu467.htm,霊鑑寺,上宮ノ前町,nothing",
@"menu216.htm,鹿王院,下嵯峨,nothing",
@"menu140.htm,六孫王神社,六孫王神社前,nothing",
@"menu125.htm,六道珍皇寺,清水道,nothing",
@"menu125.htm,六波羅密寺,清水道,nothing",
@"menu006.htm,廬山寺,府立医大病院前,nothing",
@"menu054.htm,頂法寺（六角堂）,烏丸三条,nothing",
@"menu823.htm,ワコール,西大路駅前,nothing",
@"menu246.htm,わら天神,わら天神前,nothing",
