@"menu481.htm,あおいばしにしづめ,葵橋西詰,nothing",
@"menu285.htm,あかいけ,赤池,nothing",
@"menu472.htm,あさつゆがはらちょう,朝露ケ原町,nothing",
@"menu025.htm,あさひがおか,旭ケ丘,nothing",
@"menu906.htm,あすかいちょう,飛鳥井町,nothing",
@"menu384.htm,あぶらのこうじたんばばし,油小路丹波橋,nothing",
@"menu217.htm,あらしやま,嵐山,nothing",
@"menu422.htm,あらしやまこうえん,嵐山公園,nothing",
@"menu423.htm,あらしやまてんりゅうじまえ,嵐山天龍寺前,nothing",
@"menu214.htm,ありすがわ,有栖川,nothing",
@"menu452.htm,えいでんもとたなか,叡電元田中,nothing",
@"menu910.htm,はくぶつかんさんじゅうさんげんどうまえ,博物館三十三間堂前,nothing",
@"menu606.htm,はくらくちょう,伯楽町,nothing",
@"menu145.htm,はちじょうあぶらのこうじ,八条油小路,nothing",
@"menu141.htm,はちじょうおおみや,八条大宮,nothing",
@"menu135.htm,はちじょうちゅうがくまえ,八条中学前,nothing",
@"menu319.htm,はっちょうなわて,八丁畷,nothing",
@"menu560.htm,はづかししみずちょう,羽束師志水町,nothing",
@"menu610.htm,はなぞのえきまえ,花園駅前,nothing",
@"menu765.htm,はなぞのおうぎのちょう,花園扇野町,nothing",
@"menu094.htm,はなぞのばし,花園橋,nothing",
@"menu816.htm,はなのまいこうえんまえ,花の舞公園前,nothing",
@"menu563.htm,ばば,馬場,nothing",
@"menu766.htm,はらだに,原谷,nothing",
@"menu767.htm,はらだにぐち,原谷口,nothing",
@"menu769.htm,はらだにのうきょうまえ,原谷農協前,nothing",
@"menu143.htm,ぱるすぷらざまえ,パルスプラザ前,nothing",
@"menu421.htm,はんきゅうあらしやまえきまえ,阪急嵐山駅前,nothing",
@"menu784.htm,はんきゅうにしきょうごく,阪急西京極,nothing",
@"menu435.htm,へいわだいちょう,平和台町,nothing",
@"menu853.htm,ひがしかつらざか,東桂坂,nothing",
@"menu503.htm,ひがしがわちょう,東側町,nothing",
@"menu241.htm,ひがしきたぞのちょう,東北園町,nothing",
@"menu781.htm,ひがししんばやしちょう,東新林町,nothing",
@"menu042.htm,ひがしたかなわちょう,東高縄町,nothing",
@"menu803.htm,ひがしたけのさとちょう,東竹の里町,nothing",
@"menu227.htm,ひがしつちかわばし,東土川橋,nothing",
@"menu270.htm,ひがしてらまち,東寺町,nothing",
@"menu107.htm,ひがしてんのうちょう,東天王町,nothing",
@"menu589.htm,ひがしもとまち,東元町,nothing",
@"menu113.htm,ひがしやまさんじょう,東山三条,nothing",
@"menu122.htm,ひがしやまななじょう,東山七条,nothing",
@"menu905.htm,ひがしやまにおうもん,東山仁王門,nothing",
@"menu456.htm,ひがしやまにじょう,東山二条,nothing",
@"menu126.htm,ひがしやまやすい,東山安井,nothing",
@"menu716.htm,ひごまち,肥後町,nothing",
@"menu367.htm,ひしかわ（東西行）,菱川（東西行）,nothing",
@"menu358.htm,ひしかわ（南北行）,菱川（南北行）,nothing",
@"menu283.htm,ひしづまじんじゃまえ,菱妻神社前,nothing",
@"menu359.htm,ひづめぐち,樋爪口,nothing",
@"menu361.htm,ひづめちょう,樋爪町,nothing",
@"menu075.htm,ひゃくまんべん,百万遍,nothing",
@"menu168.htm,ひらおかはちまんまえ,平岡八幡前,nothing",
@"menu473.htm,ひらぎのわかれ,柊野別れ,nothing",
@"menu683.htm,ひらたちょう,平田町,nothing",
@"menu722.htm,ひろさわごしょのうちちょう,広沢御所ノ内町,nothing",
@"menu786.htm,ひろさわのいけ・ぶつだいひろさわこうまえ,広沢池・佛大広沢校前,nothing",
@"menu170.htm,ひろしばちょう,広芝町,nothing",
@"menu466.htm,ほうねんいんちょう,法然院町,nothing",
@"menu266.htm,ぼうちょう,坊町,nothing",
@"menu713.htm,ぼうばな,棒鼻,nothing",
@"menu109.htm,ほっしょうじちょう,法勝寺町,nothing",
@"menu179.htm,ほりかわいまでがわ,堀川今出川,nothing",
@"menu186.htm,ほりかわおいけ,堀川御池,nothing",
@"menu178.htm,ほりかわかみだちうり,堀川上立売,nothing",
@"menu175.htm,ほりかわくらまぐち,堀川鞍馬口,nothing",
@"menu190.htm,ほりかわごじょう,堀川五条,nothing",
@"menu187.htm,ほりかわさんじょう,堀川三条,nothing",
@"menu183.htm,ほりかわしもだちうり,堀川下立売,nothing",
@"menu182.htm,ほりかわしもちょうじゃまち,堀川下長者町,nothing",
@"menu188.htm,ほりかわたこやくし,堀川蛸薬師,nothing",
@"menu177.htm,ほりかわてらのうち,堀川寺ノ内,nothing",
@"menu181.htm,ほりかわなかだちうり,堀川中立売,nothing",
@"menu189.htm,ほりかわまつばら,堀川松原,nothing",
@"menu184.htm,ほりかわまるたまち,堀川丸太町,nothing",
@"menu594.htm,ふかくさきたはすいけちょう,深草北蓮池町,nothing",
@"menu618.htm,ふかくさしもかわらちょう,深草下川原町,nothing",
@"menu264.htm,ふかくさにしうらちょう,深草西浦町,nothing",
@"menu164.htm,ふくおうじ,福王子,nothing",
@"menu614.htm,ふくおおじ（南行南詰・北行南詰）,福王子（南行南詰・北行南詰）,nothing",
@"menu804.htm,ふくにしいせきこうえんまえ,福西遺跡公園前,nothing",
@"menu839.htm,ふくにしたけのさと,福西竹の里,nothing",
@"menu596.htm,ふしみいんくらいんまえ,伏見インクライン前,nothing",
@"menu351.htm,ふしみけいさつしょまえ,伏見警察署前,nothing",
@"menu275.htm,ふじのもり,藤ノ森,nothing",
@"menu272.htm,ふじのもりじんじゃ,藤森神社,nothing",
@"menu273.htm,ふじのもりじんじゃまえ,藤森神社前,nothing",
@"menu620.htm,ふだのつじ,札ノ辻,nothing",
@"menu201.htm,ふちょうまえ,府庁前,nothing",
@"menu026.htm,ぶっきょうだいがくまえ,佛教大学前,nothing",
@"menu320.htm,ふどうよこおおじ,府道横大路,nothing",
@"menu223.htm,ふなおかやま,船岡山,nothing",
@"menu537.htm,ふなとちょう,船戸町,nothing",
@"menu006.htm,ふりついだいびょういんまえ,府立医大病院前,nothing",
@"menu198.htm,ふりつたいいくかんまえ,府立体育館前,nothing",
@"menu015.htm,ふりつだいがくまえ,府立大学前,nothing",
@"menu850.htm,ふれあいのさと,ふれあいの里,nothing",
@"menu679.htm,いおりちょう,伊織町,nothing",
@"menu828.htm,いしはらだんちまえ,石原団地前,nothing",
@"menu480.htm,いずもじかぐらちょう,出雲路神楽町,nothing",
@"menu479.htm,いずもじたわらちょう,出雲路俵町,nothing",
@"menu478.htm,いずもじばし,出雲路橋,nothing",
@"menu601.htm,いたばし,板橋,nothing",
@"menu449.htm,いちじょうじあおしろちょう,一乗寺青城町,nothing",
@"menu444.htm,いちじょうじあかのみやちょう,一乗寺赤ノ宮町,nothing",
@"menu469.htm,いちじょうじうめのきちょう,一乗寺梅ノ木町,nothing",
@"menu450.htm,いちじょうじきたおおまるちょう,一乗寺北大丸町,nothing",
@"menu100.htm,いちじょうじきのもとちょう,一乗寺木ノ本町,nothing",
@"menu099.htm,いちじょうじさがりまつちょう,一乗寺下り松町,nothing",
@"menu470.htm,いちじょうじじぞうもとちょう,一乗寺地蔵本町,nothing",
@"menu098.htm,いちじょうじしみずちょう,一乗寺清水町,nothing",
@"menu443.htm,いちじょうじたかつきちょう,一乗寺高槻町,nothing",
@"menu180.htm,いちじょうもどりばしせいめいじんじゃまえ,一条戻橋・晴明神社前,nothing",
@"menu013.htm,いっぽんまつ,一本松,nothing",
@"menu261.htm,いなりたいしゃまえ,稲荷大社前,nothing",
@"menu121.htm,いまぐまの,今熊野,nothing",
@"menu627.htm,いまでがわおおみや,今出川大宮,nothing",
@"menu397.htm,いまでがわじょうふくじ,今出川浄福寺,nothing",
@"menu628.htm,いまでがわしんまち,今出川新町,nothing",
@"menu554.htm,いまみやじんじゃまえ,今宮神社前,nothing",
@"menu092.htm,いわくらおおさぎちょう,岩倉大鷺町,nothing",
@"menu841.htm,いわくらそうしゃじょうまえ,岩倉操車場前,nothing",
@"menu290.htm,いわのもとちょう,岩ノ本町,nothing",
@"menu208.htm,かいこのやしろ,蚕ノ社,nothing",
@"menu380.htm,かたぎはら,樫原,nothing",
@"menu789.htm,かたぎはらしぎたに,樫原鴫谷,nothing",
@"menu796.htm,かたぎはらしょうがっこうまえ,樫原小学校前,nothing",
@"menu795.htm,かたぎはらみずつきちょう,樫原水築町,nothing",
@"menu212.htm,かたびらのつじ,帷子ノ辻,nothing",
@"menu814.htm,かつやまちょう,勝山町,nothing",
@"menu886.htm,かつらいのべーしょんぱーくまえ,桂イノベーションパーク前,nothing",
@"menu798.htm,かつらえきにしぐち,桂駅西口,nothing",
@"menu378.htm,かつらえきひがしぐち,桂駅東口,nothing",
@"menu374.htm,かつらおおはし,桂大橋,nothing",
@"menu690.htm,かつらがわしょうがっこうまえ,桂川小学校前,nothing",
@"menu637.htm,かつらこうこうまえ,桂高校前,nothing",
@"menu638.htm,かつらこばし,桂小橋,nothing",
@"menu854.htm,かつらごりょうざか,桂御陵坂,nothing",
@"menu386.htm,かつらざかぐち,桂坂口,nothing",
@"menu851.htm,かつらざかしょうがっこうまえ,桂坂小学校前,nothing",
@"menu843.htm,かつらざかせんたーまえ,桂坂センター前,nothing",
@"menu950.htm,かつらざかちゅうおう,桂坂中央,nothing",
@"menu377.htm,かつらしょうぼうしょまえ,桂消防署前,nothing",
@"menu401.htm,かつらたきがわちょう,桂滝川町,nothing",
@"menu437.htm,かつらちゅうがくまえ,桂中学前,nothing",
@"menu388.htm,かつらとくだいじ,桂徳大寺,nothing",
@"menu375.htm,かつらりきゅうまえ,桂離宮前,nothing",
@"menu405.htm,かどのおおじおいけ,葛野大路御池,nothing",
@"menu772.htm,かどのおおじくじょう,葛野大路九条,nothing",
@"menu782.htm,かどのおおじたかつじ,葛野大路高辻,nothing",
@"menu558.htm,かどのおおじはちじょう,葛野大路八条,nothing",
@"menu080.htm,かみいけだちょう,上池田町,nothing",
@"menu685.htm,かみかつらえきまえ,上桂駅前,nothing",
@"menu686.htm,かみかつらにしいちょう,上桂西居町,nothing",
@"menu389.htm,かみかつらひがしのくち,上桂東ノ口,nothing",
@"menu434.htm,かみかつらまえだちょう,上桂前田町,nothing",
@"menu433.htm,かみかつらみしょうちょう,上桂御正町,nothing",
@"menu060.htm,かみがもいしかずちょう,上賀茂石計町,nothing",
@"menu088.htm,かみがもさかきだちょう,上賀茂榊田町,nothing",
@"menu041.htm,かみがもしょうぶえんちょう,上賀茂菖蒲園町,nothing",
@"menu129.htm,かみがもじんじゃまえ,上賀茂神社前,nothing",
@"menu743.htm,かみがもとよだちょう,上賀茂豊田町,nothing",
@"menu708.htm,かみがもばし,上賀茂橋,nothing",
@"menu744.htm,かみがもまつもとちょう,上賀茂松本町,nothing",
@"menu038.htm,かみがもみそのばし,上賀茂御薗橋,nothing",
@"menu364.htm,かみかわしゅっちょうしょまえ,神川出張所前,nothing",
@"menu365.htm,かみかわしょうがっこうまえ,神川小学校前,nothing",
@"menu812.htm,かみざとしょうがっこうまえ,上里小学校前,nothing",
@"menu156.htm,かみしちけん,上七軒,nothing",
@"menu093.htm,かみたかの,上高野,nothing",
@"menu309.htm,かみとば,上鳥羽,nothing",
@"menu830.htm,かみとばうままわし,上鳥羽馬廻,nothing",
@"menu292.htm,かみとばしょうがっこうまえ,上鳥羽小学校前,nothing",
@"menu842.htm,かみとばとうのもり,上鳥羽塔ノ森,nothing",
@"menu293.htm,かみとばむらやまちょう,上鳥羽村山町,nothing",
@"menu294.htm,かみのちょう,上ノ町,nothing",
@"menu687.htm,かみのばし,上野橋,nothing",
@"menu101.htm,かみはてちょうきょうとぞうけいげいだいまえ,上終町京都造形芸大前,nothing",
@"menu360.htm,かみひづめ,上樋爪,nothing",
@"menu021.htm,かみほりかわ,上堀川,nothing",
@"menu467.htm,かみみやのまえちょう,上宮ノ前町,nothing",
@"menu039.htm,かもがわちゅうがくまえ,加茂川中学前,nothing",
@"menu049.htm,からすまいちじょう,烏丸一条,nothing",
@"menu048.htm,からすまいまでがわ,烏丸今出川,nothing",
@"menu053.htm,からすまおいけ,烏丸御池,nothing",
@"menu057.htm,からすまごじょう,烏丸五条,nothing",
@"menu054.htm,からすまさんじょう,烏丸三条,nothing",
@"menu831.htm,からすましもだちうり,烏丸下立売,nothing",
@"menu050.htm,からすましもちょうじゃまち,烏丸下長者町,nothing",
@"menu059.htm,からすまななじょう,烏丸七条,nothing",
@"menu052.htm,からすまにじょう,烏丸二条,nothing",
@"menu391.htm,からすまふだのつじ,烏丸札ノ辻,nothing",
@"menu056.htm,からすままつばら,烏丸松原,nothing",
@"menu051.htm,からすままるたまち,烏丸丸太町,nothing",
@"menu058.htm,からすまろくじょう,烏丸六条,nothing",
@"menu297.htm,からとちょう,唐戸町,nothing",
@"menu826.htm,かわしまあわたちょう,川島粟田町,nothing",
@"menu379.htm,かわしまちょう,川島町,nothing",
@"menu634.htm,かわしまろくのつぼちょう,川島六ノ坪町,nothing",
@"menu393.htm,かわばたにじょう,川端二条,nothing",
@"menu008.htm,かわらまちいまでがわ,河原町今出川,kawaramachi_imadegawa.gif",
@"menu496.htm,かわらまちごじょう,河原町五条,nothing",
@"menu003.htm,かわらまちさんじょう,河原町三条,kawaramachi_sanjo.gif",
@"menu529.htm,かわらまちじゅうじょう,河原町十条,nothing",
@"menu535.htm,かわらまちしょうめん,河原町正面,nothing",
@"menu495.htm,かわらまちまつばら,河原町松原,nothing",
@"menu005.htm,かわらまちまるたまち,河原町丸太町,nothing",
@"menu619.htm,かんじんばし,勧進橋,nothing",
@"menu262.htm,けいさつがっこうまえ,警察学校前,nothing",
@"menu883.htm,けいはんちゅうしょじま・ふしみこうこうえん,京阪中書島・伏見港公園,nothing",
@"menu162.htm,けいふくみょうしんじえきまえ,京福妙心寺駅前,nothing",
@"menu224.htm,けんくんじんじゃまえ,建勲神社前,nothing",
@"menu395.htm,けんりゅうこうまえ,乾隆校前,nothing",
@"menu032.htm,げんたく,玄琢,nothing",
@"menu033.htm,げんたくした,玄琢下,nothing",
@"menu127.htm,ぎおん,祇園,gion.gif",
@"menu017.htm,きたおおじえきまえ,北大路駅前,nothing",
@"menu018.htm,きたおおじしんまち,北大路新町,nothing",
@"menu707.htm,きたおおじばすたーみなる,北大路バスターミナル,kitaoji_bt.gif",
@"menu044.htm,きたおおじほりかわ,北大路堀川,nothing",
@"menu555.htm,きたかみくぜ,北上久世,nothing",
@"menu027.htm,きたこのはたちょう,北木ノ畑町,nothing",
@"menu725.htm,きたしらかわ,北白川,nothing",
@"menu078.htm,きたしらかわおぐらちょう,北白川小倉町,nothing",
@"menu102.htm,きたしらかわこうまえ,北白川校前,nothing",
@"menu081.htm,きたしらかわしぶせちょう,北白川仕伏町,nothing",
@"menu079.htm,きたしらかわべっとうちょう,北白川別当町,nothing",
@"menu084.htm,きたぞのちょう,北園町,nothing",
@"menu688.htm,きたのぐち,北ノ口,nothing",
@"menu248.htm,きたのちゅうがくまえ,北野中学前,nothing",
@"menu157.htm,きたのてんまんぐうまえ,北野天満宮前,nothing",
@"menu158.htm,きたのはくばいちょう,北野白梅町,kitano_hakubaicho.gif",
@"menu810.htm,きたふくにしちょう,北福西町,nothing",
@"menu793.htm,きたふくにしちょういっちょうめ,北福西町一丁目,nothing",
@"menu087.htm,きたやまえきまえ,北山駅前,nothing",
@"menu590.htm,きたやまばしひがしづめ,北山橋東詰,nothing",
@"menu520.htm,きっしょういんいけだちょう,吉祥院池田町,nothing",
@"menu771.htm,きっしょういんいちのだんちょう,吉祥院壱ノ段町,nothing",
@"menu559.htm,きっしょういんうんどうこうえんまえ,吉祥院運動公園前,nothing",
@"menu236.htm,きっしょういんくるまみちちょう,吉祥院車道町,nothing",
@"menu829.htm,きっしょういんしまたかまち,吉祥院嶋高町,nothing",
@"menu522.htm,きっしょういんたかはたちょう,吉祥院高畑町,nothing",
@"menu523.htm,きっしょういんてんまんぐうまえ,吉祥院天満宮前,nothing",
@"menu519.htm,きっしょういんどうのあとちょう,吉祥院堂ノ後町,nothing",
@"menu234.htm,きっしょういんながたちょう,吉祥院長田町,nothing",
@"menu235.htm,きっしょういんにしのちゃやちょう,吉祥院西ノ茶屋町,nothing",
@"menu536.htm,きっしょういんまきえちょう,吉祥院蒔絵町,nothing",
@"menu770.htm,きっしょういんみやのにしちょう,吉祥院宮ノ西町,nothing",
@"menu608.htm,きつじみなみちょう,木辻南町,nothing",
@"menu247.htm,きぬがさこうまえ,衣笠校前,nothing",
@"menu219.htm,きぬがさそうもんちょう,衣笠総門町,nothing",
@"menu775.htm,きぬがさひむろちょう,衣笠氷室町,nothing",
@"menu271.htm,きょういくだいがくまえ,教育大学前,nothing",
@"menu885.htm,きょうだいかつらきゃんぱすまえ,京大桂キャンパス前,nothing",
@"menu453.htm,きょうだいせいもんまえ,京大正門前,nothing",
@"menu726.htm,きょうだいのうがくぶまえ,京大農学部前,nothing",
@"menu115.htm,きょうとえきはちじょうぐち,京都駅八条口,avanti.gif",
@"menu532.htm,きょうとえきはちじょうぐちあばんてぃまえ,京都駅八条口アバンティ前,avanti.gif",
@"menu061.htm,きょうとえきまえ,京都駅前,kyoto_sta.gif",
@"menu304.htm,きょうとかいかんびじゅつかん・へいあんじんぐうまえ,京都会館美術館・平安神宮前,nothing",
@"menu111.htm,きょうとかいかんびじゅつかんまえ,京都会館美術館前,nothing",
@"menu062.htm,きょうとがいだいまえ,京都外大前,nothing",
@"menu475.htm,きょうとさんだいまえ,京都産大前,nothing",
@"menu004.htm,きょうとしやくしょまえ,京都市役所前,kyoto_siyakusyo.gif",
@"menu800.htm,きょうとめいとくこうこうまえ,京都明徳高校前,nothing",
@"menu459.htm,きょうとりさーちぱーくまえ,京都リサーチパーク前,nothing",
@"menu317.htm,きょうばし,京橋,nothing",
@"menu125.htm,きよみずみち,清水道,nothing",
@"menu220.htm,きんかくじまえ,金閣寺前,kinkaku.gif",
@"menu221.htm,きんかくじみち,金閣寺道,nothing",
@"menu578.htm,きんてつかみとばぐちえきまえ,近鉄上鳥羽口駅前,nothing",
@"menu105.htm,きんりんしゃこまえ,錦林車庫前,nothing",
@"menu464.htm,ぎんかくじまえ,銀閣寺前,ginkaku.gif",
@"menu103.htm,ぎんかくじみち,銀閣寺道,ginkaku.gif",
@"menu381.htm,こうかいどうまえ,公会堂前,nothing",
@"menu429.htm,こうかじょしがくえんまえ,光華女子学園前,nothing",
@"menu564.htm,こうぎょうだんちまえ,工業団地前,nothing",
@"menu902.htm,こうじんぐち,荒神口,nothing",
@"menu206.htm,こうしんまえ,庚申前,nothing",
@"menu085.htm,こうどのちょう,神殿町,nothing",
@"menu287.htm,こえだばし,小枝橋,nothing",
@"menu284.htm,こが,久我,nothing",
@"menu226.htm,こがいしはらちょう,久我石原町,nothing",
@"menu373.htm,こがのもり,久我の杜,nothing",
@"menu091.htm,こくさいかいかんえきまえ,国際会館駅前,nothing",
@"menu311.htm,こくどうあかいけ,国道赤池,nothing",
@"menu314.htm,こくどうおおてすじ,国道大手筋,nothing",
@"menu343.htm,こくどうくつかけぐち,国道沓掛口,nothing",
@"menu706.htm,こくどうさんのみや,国道三ノ宮,nothing",
@"menu313.htm,こくどうしもとば,国道下鳥羽,nothing",
@"menu664.htm,こくどうつかはら,国道塚原,nothing",
@"menu663.htm,こくどうなかやま,国道中山,nothing",
@"menu228.htm,こくどうひがしつちかわ,国道東土川,nothing",
@"menu439.htm,こけでらみち,苔寺道,nothing",
@"menu600.htm,ごこうのみやまえ,御香宮前,nothing",
@"menu173.htm,ごしょのぐち,御所ノ口,nothing",
@"menu497.htm,ごじょうけいはんまえ,五条京阪前,nothing",
@"menu124.htm,ごじょうざか,五条坂,nothing",
@"menu538.htm,ごじょうたかくら,五条高倉,nothing",
@"menu305.htm,ごじょうにしのとういん,五条西洞院,nothing",
@"menu460.htm,ごじょうみぶがわ,五条壬生川,nothing",
@"menu498.htm,ごじょうやまとおおじひがしやまかいせいかんまえ,五条大和大路・東山開睛館前,nothing",
@"menu295.htm,ごちょうばし,五丁橋,nothing",
@"menu454.htm,このえどおり,近衛通,nothing",
@"menu427.htm,こぶちちょう,小渕町,nothing",
@"menu822.htm,こまつばらじどうこうえんまえ,小松原児童公園前,nothing",
@"menu705.htm,ごりょうちょう,御陵町,nothing",
@"menu474.htm,ごるふじょうまえ,ゴルフ場前,nothing",
@"menu350.htm,くじょうえきまえ,九条駅前,nothing",
@"menu131.htm,くじょうおおみや,九条大宮,nothing",
@"menu531.htm,くじょうかわらまち,九条河原町,nothing",
@"menu130.htm,くじょうきんてつまえ,九条近鉄前,nothing",
@"menu731.htm,くじょうしちほんまつ,九条七本松,nothing",
@"menu117.htm,くじょうしゃこまえ,九条車庫前,nothing",
@"menu623.htm,くぜおおやぶちょう,久世大薮町,nothing",
@"menu622.htm,くぜこうぎょうだんちまえ,久世工業団地前,nothing",
@"menu632.htm,くぜしちほんまつ,久世七本松,nothing",
@"menu229.htm,くぜとのしろちょう,久世殿城町,nothing",
@"menu819.htm,くぜばしどおりあぶらのこうじ,久世橋通油小路,nothing",
@"menu818.htm,くぜばしどおりおおみや,久世橋通大宮,nothing",
@"menu820.htm,くぜばしどおりしんまち,久世橋通新町,nothing",
@"menu232.htm,くぜばしにしづめ,久世橋西詰,nothing",
@"menu233.htm,くぜばしひがしづめ,久世橋東詰,nothing",
@"menu455.htm,くまのじんじゃまえ,熊野神社前,nothing",
@"menu215.htm,くるまざきじんじゃまえ,車折神社前,nothing",
@"menu593.htm,くろばし,黒橋,nothing",
@"menu418.htm,まつおたいしゃまえ,松尾大社前,nothing",
@"menu438.htm,まつおだいりちょう,松尾大利町,nothing",
@"menu417.htm,まつおばし,松尾橋,nothing",
@"menu704.htm,まつがさきえきまえ,松ヶ崎駅前,nothing",
@"menu244.htm,まつがさきかいじりちょう,松ヶ崎海尻町,nothing",
@"menu837.htm,まつがさきだいこくてん,松ヶ崎大黒天,nothing",
@"menu836.htm,まつがさきばし,松ヶ崎橋,nothing",
@"menu477.htm,まつのしたちょう,松ノ下町,nothing",
@"menu440.htm,まつむろきたかわらちょう,松室北河原町,nothing",
@"menu250.htm,まるたまちおんまえどおり,丸太町御前通,nothing",
@"menu392.htm,まるたまちけいはんまえ,丸太町京阪前,nothing",
@"menu251.htm,まるたまちしちほんまつ,丸太町七本松,nothing",
@"menu200.htm,まるたまちちえこういん,丸太町智恵光院,nothing",
@"menu750.htm,めんきょしけんじょうまえ,免許試験場前,nothing",
@"menu172.htm,みきょうざか,御経坂,nothing",
@"menu315.htm,みすこうえんまえ,三栖公園前,nothing",
@"menu821.htm,みすだいこくちょう,三栖大黒町,nothing",
@"menu362.htm,みずたれちょう,水垂町,nothing",
@"menu471.htm,みそのぐちちょう,御薗口町,nothing",
@"menu090.htm,みどろがいけ,深泥池,nothing",
@"menu326.htm,みなみうずまさ,南太秦,nothing",
@"menu672.htm,みなみかすがちょう,南春日町,nothing",
@"menu565.htm,みなみくそうごうちょうしゃまえ,南区総合庁舎前,nothing",
@"menu847.htm,みなみこうぎょうだんちまえ,南工業団地前,nothing",
@"menu465.htm,みなみだちょう,南田町,nothing",
@"menu411.htm,みなみひろまち,南広町,nothing",
@"menu809.htm,みなみふくにしちょう,南福西町,nothing",
@"menu807.htm,みなみふくにしちょうさんちょうめ,南福西町三丁目,nothing",
@"menu808.htm,みなみふくにしちょうにちょうめ,南福西町二丁目,nothing",
@"menu530.htm,みなみまつのきちょう,南松ノ木町,nothing",
@"menu751.htm,みなみよこおおじ,南横大路,nothing",
@"menu858.htm,みねがどうちょういっちょうめ,峰ケ堂町一丁目,nothing",
@"menu852.htm,みねがどうちょうさんちょうめ,峰ケ堂町三丁目,nothing",
@"menu148.htm,みぶそうしゃじょうまえ,みぶ操車場前,nothing",
@"menu068.htm,みぶでらみち,壬生寺道,nothing",
@"menu468.htm,みやのまえちょう,宮ノ前町,nothing",
@"menu363.htm,みやまえばしにしづめ,宮前橋西詰,nothing",
@"menu161.htm,みょうしんじきたもんまえ,妙心寺北門前,nothing",
@"menu609.htm,みょうしんじまえ,妙心寺前,nothing",
@"menu604.htm,もがみちょう,最上町,nothing",
@"menu681.htm,もずめ,物集女,nothing",
@"menu020.htm,もとまち,元町,nothing",
@"menu813.htm,もみじちょう,紅葉町,nothing",
@"menu603.htm,ももやまちゅうがくまえ,桃山中学前,nothing",
@"menu636.htm,むしろだちょう,莚田町,nothing",
@"menu552.htm,むらさきのうえのちょう,紫野上野町,nothing",
@"menu024.htm,むらさきのせんどうちょう,紫野泉堂町,nothing",
@"menu387.htm,なかかつら,中桂,nothing",
@"menu231.htm,なかくぜ,中久世,nothing",
@"menu383.htm,なかくぜいっちょうめ,中久世一丁目,nothing",
@"menu458.htm,なかのはしごじょう,中ノ橋五条,nothing",
@"menu288.htm,なすの,奈須野,nothing",
@"menu300.htm,ななじょうおおみや・きょうとすいぞくかんまえ,七条大宮・京都水族館前,nothing",
@"menu142.htm,ななじょうおんまえどおり,七条御前通,nothing",
@"menu534.htm,ななじょうかわらまち,七条河原町,nothing",
@"menu256.htm,ななじょうけいはんまえ,七条京阪前,nothing",
@"menu369.htm,ななじょうせんぼん,七条千本,nothing",
@"menu193.htm,ななじょうにしのとういん,七条西洞院,nothing",
@"menu192.htm,ななじょうほりかわ,七条堀川,nothing",
@"menu710.htm,ななせがわちょう,七瀬川町,nothing",
@"menu611.htm,ならびがおか,双ケ丘,nothing",
@"menu197.htm,なるたきほんまち,鳴滝本町,nothing",
@"menu108.htm,なんぜんじ・えいかんどうみち,南禅寺・永観堂道,nothing",
@"menu773.htm,にしいたばし,西板橋,nothing",
@"menu823.htm,にしおおじえきまえ,西大路駅前,nothing",
@"menu403.htm,にしおおじおいけ,西大路御池,nothing",
@"menu138.htm,にしおおじくじょう,西大路九条,nothing",
@"menu239.htm,にしおおじごじょう,西大路五条,nothing",
@"menu204.htm,にしおおじさんじょう,西大路三条,nothing",
@"menu065.htm,にしおおじしじょう,西大路四条,nishioji_shijo.gif",
@"menu237.htm,にしおおじななじょう,西大路七条,nothing",
@"menu139.htm,にしおおじはちじょう,西大路八条,nothing",
@"menu238.htm,にしおおじはなやちょう,西大路花屋町,nothing",
@"menu240.htm,にしおおじまつばら,西大路松原,nothing",
@"menu316.htm,にしおおてすじ,西大手筋,nothing",
@"menu432.htm,にしおおはしにしづめ,西大橋西詰,nothing",
@"menu845.htm,にしかつらざか,西桂坂,nothing",
@"menu034.htm,にしがもしゃこまえ,西賀茂車庫前,nothing",
@"menu268.htm,にしきゅうほうじちょう,西久宝寺町,nothing",
@"menu431.htm,にしきょうごく,西京極,nothing",
@"menu457.htm,にしきょうごくうまつかちょう,西京極午塚町,nothing",
@"menu430.htm,にしきょうごくうんどうこうえんまえ,西京極運動公園前,nothing",
@"menu817.htm,にしきょうごくしょうがっこうまえ,西京極小学校前,nothing",
@"menu407.htm,にしこうじおいけ,西小路御池,nothing",
@"menu840.htm,にしさかいだにちょうさんちょうめ,西境谷町三丁目,nothing",
@"menu712.htm,にしすみぞめどおり,西墨染通,nothing",
@"menu792.htm,にしたけのさとちょう,西竹の里町,nothing",
@"menu715.htm,にしたんばばし,西丹波橋,nothing",
@"menu269.htm,にしてらまち,西寺町,nothing",
@"menu249.htm,にしのきょうえんまち,西ノ京円町,nishinokyo_enmachi.gif",
@"menu410.htm,にしのきょうつかもとちょう,西ノ京塚本町,nothing",
@"menu607.htm,にしのきょうばだいちょう,西ノ京馬代町,nothing",
@"menu409.htm,にしのきょうふじのきちょう,西ノ京藤ノ木町,nothing",
@"menu307.htm,にしのとういんしょうめん,西洞院正面,nothing",
@"menu581.htm,にしのとういんぶっこうじ,西洞院仏光寺,nothing",
@"menu582.htm,にしのとういんまつばら,西洞院松原,nothing",
@"menu306.htm,にしのとういんろくじょう,西洞院六条,nothing",
@"menu191.htm,にしほんがんじまえ,西本願寺前,nothing",
@"menu774.htm,にじょうえきにしぐち,二条駅西口,nothing",
@"menu150.htm,にじょうえきまえ,二条駅前,nijo_sta.gif",
@"menu185.htm,にじょうじょうまえ,二条城前,nothing",
@"menu412.htm,にっしんでんきまえ,日新電機前,nothing",
@"menu213.htm,おいたぐち,生田口,nothing",
@"menu118.htm,おおいしばし,大石橋,nothing",
@"menu849.htm,おおえやまちょうにし,大枝山町西,nothing",
@"menu855.htm,おおえやまちょうひがし,大枝山町東,nothing",
@"menu824.htm,おおはらのかみざときたのちょう,大原野上里北ノ町,nothing",
@"menu815.htm,おおはらのしょうがっこうまえ,大原野小学校前,nothing",
@"menu547.htm,おおみやおのぼりちょう,大宮小野堀町,nothing",
@"menu550.htm,おおみやこうつうこうえんまえ,大宮交通公園前,nothing",
@"menu302.htm,おおみやごじょう,大宮五条,nothing",
@"menu036.htm,おおみやそうもんぐちちょう,大宮総門口町,nothing",
@"menu549.htm,おおみやだいもんちょう,大宮大門町,nothing",
@"menu037.htm,おおみやたじりちょう,大宮田尻町,nothing",
@"menu580.htm,おおみやなかだちうり,大宮中立売,nothing",
@"menu303.htm,おおみやまつばら,大宮松原,nothing",
@"menu463.htm,おかざきじんじゃまえ,岡崎神社前,nothing",
@"menu462.htm,おかざきみち,岡崎道,nothing",
@"menu524.htm,おちあいちょう,落合町,nothing",
@"menu134.htm,おどい,御土居,nothing",
@"menu776.htm,おばたがわこうえんきたぐち,小畑川公園北口,nothing",
@"menu624.htm,おむろ,御室,nothing",
@"menu163.htm,おむろにんなじ,御室仁和寺,nothing",
@"menu860.htm,らいとはうすまえ,ライトハウス前,nothing",
@"menu805.htm,らくさいおおはし,洛西大橋,nothing",
@"menu630.htm,らくさいぐちえきまえ,洛西口駅前,nothing",
@"menu790.htm,らくさいこうこうまえ,洛西高校前,nothing",
@"menu801.htm,らくさいばすたーみなる,洛西バスターミナル,nothing",
@"menu761.htm,らくすいこうこうまえ,洛水高校前,nothing",
@"menu083.htm,らくほくこうこうせいもんまえ,洛北高校正門前,nothing",
@"menu014.htm,らくほくこうこうまえ,洛北高校前,nothing",
@"menu137.htm,らくようこうぎょうこうこうまえ,洛陽工業高校前,nothing",
@"menu298.htm,らじょうもん,羅城門,nothing",
@"menu768.htm,りつめいかんさいおんじきねんかんまえ,立命館西園寺記念館前,nothing",
@"menu218.htm,りつめいかんだいがくまえ,立命館大学前,nothing",
@"menu263.htm,りゅうこくだいがくまえ,龍谷大学前,nothing",
@"menu626.htm,りょうあんじまえ,竜安寺前,nothing",
@"menu064.htm,さいいんたつみちょう,西院巽町,nothing",
@"menu136.htm,さいじまえ,西寺前,nothing",
@"menu202.htm,さいばんしょまえ,裁判所前,nothing",
@"menu799.htm,さかいだにおおはし,境谷大橋,nothing",
@"menu791.htm,さかいだにせんたーまえ,境谷センター前,nothing",
@"menu254.htm,さかいまちおいけ,堺町御池,nothing",
@"menu727.htm,さがあらしやまえきまえ,嵯峨嵐山駅前,nothing",
@"menu426.htm,さがしゃかどうまえ,嵯峨釈迦堂前,nothing",
@"menu425.htm,さがしょうがっこうまえ,嵯峨小学校前,nothing",
@"menu724.htm,さがせとがわちょう,嵯峨瀬戸川町,nothing",
@"menu723.htm,さがちゅうがくまえ,嵯峨中学前,nothing",
@"menu242.htm,さきょうくそうごうちょうしゃまえ,左京区総合庁舎前,nothing",
@"menu245.htm,さくらぎちょう,桜木町,nothing",
@"menu557.htm,さるたひこばし,猿田彦橋,nothing",
@"menu255.htm,さんじょうかすが,三条春日,nothing",
@"menu114.htm,さんじょうけいはんまえ,三条京阪前,sanjo_keihan.gif",
@"menu353.htm,さんちょう,三町,nothing",
@"menu382.htm,さんのみや,三ノ宮,nothing",
@"menu794.htm,さんのみやかいどう,三ノ宮街道,nothing",
@"menu165.htm,さんぽうじ,三宝寺,nothing",
@"menu398.htm,せいしょうねんかがくせんたーまえ,青少年科学センター前,nothing",
@"menu265.htm,せいぼじょがくいんまえ,聖母女学院前,nothing",
@"menu372.htm,せんしょうじ,川勝寺,nothing",
@"menu120.htm,せんにゅうじみち,泉涌寺道,nothing",
@"menu155.htm,せんぼんいまでがわ,千本今出川,senbon_imadegawa.gif",
@"menu396.htm,せんぼんかみだちうり,千本上立売,nothing",
@"menu222.htm,せんぼんきたおおじ,千本北大路,nothing",
@"menu394.htm,せんぼんくらまぐち,千本鞍馬口,nothing",
@"menu149.htm,せんぼんさんじょう・すざくりつめいかんまえ,千本三条・朱雀立命館前,nothing",
@"menu296.htm,せんぼんじゅうじょう,千本十条,nothing",
@"menu153.htm,せんぼんでみず,千本出水,nothing",
@"menu154.htm,せんぼんなかだちうり,千本中立売,nothing",
@"menu152.htm,せんぼんまるたまち,千本丸太町,nothing",
@"menu572.htm,じぇいあーるかつらがわえきまえ,ＪＲ桂川駅前,nothing",
@"menu561.htm,じぇいあーるながおかきょうひがしぐち,ＪＲ長岡京東口,nothing",
@"menu579.htm,じぇいあーるふじのもりえきまえ,ＪＲ藤森駅前,nothing",
@"menu635.htm,じえいたいまえ,自衛隊前,nothing",
@"menu533.htm,しおこうじたかくら,塩小路高倉,nothing",
@"menu257.htm,しおこうじばし,塩小路橋,nothing",
@"menu069.htm,しじょうおおみや,四条大宮,shijo_omiya.gif",
@"menu076.htm,しじょうおおみや（南行北詰）,四条大宮（南行北詰）,shijo_omiya.gif",
@"menu066.htm,しじょうおんまえどおり,四条御前通,nothing",
@"menu832.htm,しじょうかどのおおじ,四条葛野大路,nothing",
@"menu055.htm,しじょうからすま,四条烏丸,shijo_karasuma.gif",
@"menu073.htm,しじょうかわらまち,四条河原町,shijo_kawaramachi.gif",
@"menu128.htm,しじょうけいはんまえ,四条京阪前,shijo_keihan.gif",
@"menu072.htm,しじょうたかくら,四条高倉,nothing",
@"menu063.htm,しじょうちゅうがくまえ,四条中学前,nothing",
@"menu067.htm,しじょうなかしんみち,四条中新道,nothing",
@"menu071.htm,しじょうにしのとういん,四条西洞院,nothing",
@"menu070.htm,しじょうほりかわ,四条堀川,nothing",
@"menu682.htm,しせきこうえんまえ,史跡公園前,nothing",
@"menu289.htm,じぞうまえ,地蔵前,nothing",
@"menu595.htm,したまち,下町,nothing",
@"menu562.htm,しばもと,芝本,nothing",
@"menu301.htm,しまばらぐち,島原口,nothing",
@"menu169.htm,しみずちょう,清水町,nothing",
@"menu308.htm,しみんぼうさいせんたーまえ,市民防災センター前,nothing",
@"menu376.htm,しもかつら,下桂,nothing",
@"menu012.htm,しもがもじんじゃまえ,下鴨神社前,nothing",
@"menu448.htm,しもがもひがしほんまち,下鴨東本町,nothing",
@"menu040.htm,しもぎしちょう,下岸町,nothing",
@"menu082.htm,しもぎょうくそうごうちょうしゃまえ,下京区総合庁舎前,nothing",
@"menu230.htm,しもくぜ,下久世,nothing",
@"menu366.htm,しもこが,下久我,nothing",
@"menu216.htm,しもさが,下嵯峨,nothing",
@"menu548.htm,しもたけどのちょう,下竹殿町,nothing",
@"menu848.htm,しもつばやしだいはんにゃちょう,下津林大般若町,nothing",
@"menu553.htm,しもつばやしなかじま,下津林中島,nothing",
@"menu402.htm,しもつばやしろくたんだ,下津林六反田,nothing",
@"menu352.htm,しもとば,下鳥羽,nothing",
@"menu312.htm,しもとばしろのこしちょう,下鳥羽城ノ越町,nothing",
@"menu043.htm,しもとりだちょう,下鳥田町,nothing",
@"menu045.htm,しもふさちょう,下総町,nothing",
@"menu748.htm,しもみす,下三栖,nothing",
@"menu022.htm,しもみどりちょう,下緑町,nothing",
@"menu031.htm,しゃかだにぐち,釈迦谷口,nothing",
@"menu243.htm,しゅうがくいんえきまえ,修学院駅前,nothing",
@"menu097.htm,しゅうがくいんみち,修学院道,nothing",
@"menu096.htm,しゅうがくいんりきゅうみち,修学院離宮道,nothing",
@"menu151.htm,しゅっせいなりまえ,出世稲荷前,nothing",
@"menu260.htm,じゅうじょうあいふかちょう,十条相深町,nothing",
@"menu526.htm,じゅうじょうあぶらのこうじ,十条油小路,nothing",
@"menu787.htm,じゅうじょうえきまえ,十条駅前,nothing",
@"menu525.htm,じゅうじょうおおみや,十条大宮,nothing",
@"menu527.htm,じゅうじょうしんまち,十条新町,nothing",
@"menu528.htm,じゅうじょうたけだかいどう,十条竹田街道,nothing",
@"menu591.htm,しょくぶつえんきたもんまえ,植物園北門前,nothing",
@"menu016.htm,しょくぶつえんまえ,植物園前,nothing",
@"menu023.htm,じょうとくじまえ,常徳寺前,nothing",
@"menu104.htm,じょうどじ,浄土寺,nothing",
@"menu310.htm,じょうなんぐう,城南宮,nothing",
@"menu385.htm,じょうなんぐうひがしぐち,城南宮東口,nothing",
@"menu286.htm,じょうなんぐうみち,城南宮道,nothing",
@"menu144.htm,しりつびょういんまえ,市立病院前,nothing",
@"menu291.htm,しろがまえちょう,城ケ前町,nothing",
@"menu461.htm,しんあいのまちにじょう,新間ノ町二条,nothing",
@"menu010.htm,しんあおいばし,新葵橋,nothing",
@"menu252.htm,しんせんえんまえ,神泉苑前,nothing",
@"menu106.htm,しんにょどうまえ,真如堂前,nothing",
@"menu779.htm,しんばやしいけこうえん,新林池公園,nothing",
@"menu777.htm,しんばやしこうだんじゅうたくまえ,新林公団住宅前,nothing",
@"menu778.htm,しんばやしせんたーまえ,新林センター前,nothing",
@"menu780.htm,しんばやしなかどおり,新林中通,nothing",
@"menu253.htm,しんまちおいけ,新町御池,nothing",
@"menu112.htm,じんぐうみち,神宮道,nothing",
@"menu035.htm,じんこういんまえ,神光院前,nothing",
@"menu267.htm,そうぼうちょう,僧坊町,nothing",
@"menu274.htm,すじかいばしいっちょうめ,直違橋一丁目,nothing",
@"menu605.htm,すみぞめ,墨染,nothing",
@"menu752.htm,すみのくらちょう,角倉町,nothing",
@"menu714.htm,すみよし,住吉,nothing",
@"menu404.htm,たいしみち,太子道,nothing",
@"menu199.htm,たいしょうぐん,大将軍,nothing",
@"menu428.htm,だいかくじ,大覚寺,nothing",
@"menu225.htm,だいとくじまえ,大徳寺前,nothing",
@"menu665.htm,だいにかいせいびょういんまえ,第二回生病院前,nothing",
@"menu371.htm,だいもんちょう,大門町,nothing",
@"menu174.htm,たかお,高雄,nothing",
@"menu171.htm,たかおしょうがっこうまえ,高雄小学校前,nothing",
@"menu167.htm,たかおびょういんまえ,高雄病院前,nothing",
@"menu028.htm,たかがみねかみのちょう,鷹峯上ノ町,nothing",
@"menu030.htm,たかがみねげんこうあんまえ,鷹峯源光庵前,nothing",
@"menu447.htm,たかぎちょう,高木町,nothing",
@"menu633.htm,たかだちょう,高田町,nothing",
@"menu445.htm,たかの,高野,nothing",
@"menu446.htm,たかのばしひがしづめ,高野橋東詰,nothing",
@"menu166.htm,たかはなちょう,高鼻町,nothing",
@"menu680.htm,たかはらちょう,高原町,nothing",
@"menu095.htm,たからがいけ,宝ヶ池,nothing",
@"menu616.htm,たけだいでばし,竹田出橋,nothing",
@"menu390.htm,たけだうちはたちょう,竹田内畑町,nothing",
@"menu146.htm,たけだえきにしぐち,竹田駅西口,nothing",
@"menu147.htm,たけだえきひがしぐち,竹田駅東口,nothing",
@"menu617.htm,たけだくぼちょう,竹田久保町,nothing",
@"menu711.htm,たけだじょうなんぐうみち,竹田城南宮道,nothing",
@"menu207.htm,たけだじょうぼだいいんちょう,竹田浄菩堤院町,nothing",
@"menu802.htm,たけのさとしょうがっこうまえ,竹の里小学校前,nothing",
@"menu011.htm,ただすのもり,糺ノ森,nothing",
@"menu451.htm,たなかおおくぼちょう,田中大久保町,nothing",
@"menu077.htm,たなかひのくちちょう,田中樋ノ口町,nothing",
@"menu420.htm,たにがつじちょう,谷ケ辻町,nothing",
@"menu602.htm,たんばばし,丹波橋,nothing",
@"menu009.htm,でまちやなぎえきまえ,出町柳駅前,nothing",
@"menu844.htm,てんがいこうえんまえ,天蓋公園前,nothing",
@"menu176.htm,てんじんこうえんまえ,天神公園前,nothing",
@"menu400.htm,ちえこういんなかだちうり,智恵光院中立売,nothing",
@"menu203.htm,ちおいんまえ,知恩院前,nothing",
@"menu806.htm,ちゅうおうこうえんみなみぐち,中央公園南口,nothing",
@"menu318.htm,ちゅうしょじま,中書島,nothing",
@"menu414.htm,ちょうふくじみち,長福寺道,nothing",
@"menu436.htm,ちよはらぐち,千代原口,nothing",
@"menu159.htm,とうじいんみち,等持院道,nothing",
@"menu160.htm,とうじいんみなみまち,等持院南町,nothing",
@"menu133.htm,とうじにしもんまえ,東寺西門前,nothing",
@"menu299.htm,とうじひがしもんまえ,東寺東門前,nothing",
@"menu116.htm,とうじみち,東寺道,nothing",
@"menu132.htm,とうじみなみもんまえ,東寺南門前,nothing",
@"menu521.htm,とうなんこうこうまえ,塔南高校前,nothing",
@"menu625.htm,とうのしたちょう,塔ノ下町,nothing",
@"menu119.htm,とうふくじ,東福寺,nothing",
@"menu258.htm,とうふくじみち,東福寺道,nothing",
@"menu349.htm,とうりょうだんちまえ,桃陵団地前,nothing",
@"menu629.htm,どうししゃまえ,同志社前,nothing",
@"menu110.htm,どうぶつえんまえ,動物園前,nothing",
@"menu718.htm,ときわ・さがのこうこうまえ,常盤・嵯峨野高校前,nothing",
@"menu612.htm,ときわおいけちょう,常盤御池町,nothing",
@"menu719.htm,ときわのしょうがっこうまえ,常磐野小学校前,nothing",
@"menu029.htm,どてんじょうちょう,土天井町,nothing",
@"menu783.htm,とばおおはしきたづめ,鳥羽大橋北詰,nothing",
@"menu321.htm,とみのもり,富ノ森,nothing",
@"menu259.htm,つきのわ,月輪,nothing",
@"menu684.htm,つきみがおか,月見ケ丘,nothing",
@"menu621.htm,つきやま,築山,nothing",
@"menu370.htm,つきよみばし,月読橋,nothing",
@"menu811.htm,うきょうのさと,右京の里,nothing",
@"menu911.htm,うきょうふれあいぶんかかいかんまえ,右京ふれあい文化会館前,nothing",
@"menu408.htm,うしがせ,牛ケ瀬,nothing",
@"menu551.htm,うしわか,牛若,nothing",
@"menu717.htm,うずまさえいがむらみち,太秦映画村道,nothing",
@"menu721.htm,うずまさかいにちちょう,太秦開日町,nothing",
@"menu720.htm,うずまさきたろちょう,太秦北路町,nothing",
@"menu210.htm,うずまさこうりゅうじまえ,太秦広隆寺前,nothing",
@"menu325.htm,うずまさしょうがっこうまえ,太秦小学校前,nothing",
@"menu863.htm,うずまさてんじんがわえきまえ,太秦天神川駅前,uzumasa.png",
@"menu209.htm,うずまさひがしぐち,太秦東口,nothing",
@"menu211.htm,うずまさひらきちょう,太秦開町,nothing",
@"menu613.htm,うたのおやしきちょう,宇多野御屋敷町,nothing",
@"menu196.htm,うたのびょういんまえ,宇多野病院前,nothing",
@"menu419.htm,うちだちょう,内田町,nothing",
@"menu753.htm,うまつかちょう,馬塚町,nothing",
@"menu123.htm,うままち,馬町,nothing",
@"menu357.htm,うめこうじこうえん,梅小路公園,nothing",
@"menu368.htm,うめこうじこうえんまえ,梅小路公園前,nothing",
@"menu689.htm,うめづいしなだちょう,梅津石灘町,nothing",
@"menu413.htm,うめづだんまち,梅津段町,nothing",
@"menu415.htm,うめづにしうらちょう,梅津西浦町,nothing",
@"menu416.htm,うめのみやたいしゃまえ,梅宮大社前,nothing",
@"menu246.htm,わらてんじんまえ,わら天神前,nothing",
@"menu592.htm,やすいにしぐち,安井西口,nothing",
@"menu194.htm,やまごえ,山越,nothing",
@"menu857.htm,やまごえおんすいぷーるまえ,やまごえ温水プール前,nothing",
@"menu856.htm,やまごえなかちょう,山越中町,nothing",
@"menu709.htm,やまごえひがしちょう,山越東町,nothing",
@"menu205.htm,やまのうち,山ノ内,nothing",
@"menu406.htm,やまのうちおいけ,山ノ内御池,nothing",
@"menu742.htm,やまのまえちょう,山ノ前町,nothing",
@"menu355.htm,よこおおじ,横大路,nothing",
@"menu749.htm,よこおおじしゃこまえ,横大路車庫前,nothing",
@"menu324.htm,よど,淀,nothing",
@"menu195.htm,ゆーすほすてるまえ,ユースホステル前,nothing",
